<?xml version="1.0" encoding="UTF-8"?>
<!-- Generated by org.testng.reporters.JUnitReportReporter -->
<testsuite skipped="0" hostname="CMLDRAMACHANDRA" name="TestNGFeatures.TestNGGroups" tests="2" failures="0" timestamp="23 Jun 2017 03:54:29 GMT" time="0.024" errors="0">
  <testcase name="testCase2" time="0.021" classname="TestNGFeatures.TestNGGroups"/>
  <testcase name="testCase3" time="0.003" classname="TestNGFeatures.TestNGGroups"/>
</testsuite> <!-- TestNGFeatures.TestNGGroups -->
