<?xml version="1.0" encoding="UTF-8"?>
<!-- Generated by org.testng.reporters.JUnitReportReporter -->
<testsuite skipped="0" hostname="CMLDRAMACHANDRA" name="PhantomJS.HeadLessTesting" tests="1" failures="0" timestamp="15 Jun 2017 16:12:44 GMT" time="138.405" errors="0">
  <testcase name="testHeadless" time="138.405" classname="PhantomJS.HeadLessTesting"/>
</testsuite> <!-- PhantomJS.HeadLessTesting -->
