<?xml version="1.0" encoding="UTF-8"?>
<!-- Generated by org.testng.reporters.JUnitReportReporter -->
<testsuite skipped="0" hostname="CMLDRAMACHANDRA" name="Scrolling.ScrollingBrowsers" tests="1" failures="0" timestamp="16 Jun 2017 05:16:35 GMT" time="29.360" errors="0">
  <testcase name="doVerticalScroll" time="29.360" classname="Scrolling.ScrollingBrowsers"/>
</testsuite> <!-- Scrolling.ScrollingBrowsers -->
