<?xml version="1.0" encoding="UTF-8"?>
<!-- Generated by org.testng.reporters.JUnitReportReporter -->
<testsuite skipped="0" hostname="CMLDRAMACHANDRA" name="MultipleWindows.HandlingMultipleBrowsers" tests="1" failures="0" timestamp="14 Jun 2017 05:26:52 GMT" time="23.929" errors="0">
  <testcase name="OpenNewBrowserTab" time="23.929" classname="MultipleWindows.HandlingMultipleBrowsers"/>
</testsuite> <!-- MultipleWindows.HandlingMultipleBrowsers -->
