<?xml version="1.0" encoding="UTF-8"?>
<!-- Generated by org.testng.reporters.JUnitReportReporter -->
<testsuite skipped="0" hostname="CMLDRAMACHANDRA" name="Calenders.Calender" tests="1" failures="0" timestamp="17 Jun 2017 10:40:58 GMT" time="58.014" errors="0">
  <testcase name="SelectCalenderValue" time="58.014" classname="Calenders.Calender"/>
</testsuite> <!-- Calenders.Calender -->
