<?xml version="1.0" encoding="UTF-8"?>
<!-- Generated by org.testng.reporters.JUnitReportReporter -->
<testsuite skipped="0" hostname="CMLDRAMACHANDRA" name="BaseClassExamples.TestCases" tests="1" failures="0" timestamp="03 Jul 2017 05:42:10 GMT" time="25.778" errors="0">
  <testcase name="LogApp" time="25.778" classname="BaseClassExamples.TestCases"/>
</testsuite> <!-- BaseClassExamples.TestCases -->
