<?xml version="1.0" encoding="UTF-8"?>
<!-- Generated by org.testng.reporters.JUnitReportReporter -->
<testsuite skipped="0" hostname="CMLDRAMACHANDRA" name="Scrolling.ScrollIntoView" tests="1" failures="0" timestamp="16 Jun 2017 05:27:22 GMT" time="21.519" errors="0">
  <testcase name="doVerticalScroll" time="21.519" classname="Scrolling.ScrollIntoView"/>
</testsuite> <!-- Scrolling.ScrollIntoView -->
