<?xml version="1.0" encoding="UTF-8"?>
<!-- Generated by org.testng.reporters.JUnitReportReporter -->
<testsuite skipped="0" hostname="CMLDRAMACHANDRA" name="DowloadingFiles.DownloadUsingFilrefoxProfile" tests="1" failures="0" timestamp="26 Jun 2017 06:06:54 GMT" time="49.235" errors="0">
  <testcase name="downloadfiles" time="49.235" classname="DowloadingFiles.DownloadUsingFilrefoxProfile"/>
</testsuite> <!-- DowloadingFiles.DownloadUsingFilrefoxProfile -->
