<?xml version="1.0" encoding="UTF-8"?>
<!-- Generated by org.testng.reporters.JUnitReportReporter -->
<testsuite skipped="0" hostname="CMLDRAMACHANDRA" name="PhantomJS.HeadLessTestingUsingPhantomJS" tests="1" failures="0" timestamp="16 Jun 2017 06:33:01 GMT" time="44.324" errors="0">
  <testcase name="testHeadless" time="44.324" classname="PhantomJS.HeadLessTestingUsingPhantomJS"/>
</testsuite> <!-- PhantomJS.HeadLessTestingUsingPhantomJS -->
