<?xml version="1.0" encoding="UTF-8"?>
<!-- Generated by org.testng.reporters.JUnitReportReporter -->
<testsuite skipped="1" hostname="CMLDRAMACHANDRA" name="TestNGFeatures.DisablingTestCases" tests="3" failures="0" timestamp="22 Jun 2017 03:46:57 GMT" time="0.017" errors="0">
  <testcase name="testCase2" time="0.013" classname="TestNGFeatures.DisablingTestCases"/>
  <testcase name="testCase3" time="0.004" classname="TestNGFeatures.DisablingTestCases"/>
  <testcase name="testCase1" classname="TestNGFeatures.DisablingTestCases">
    <skipped/>
  </testcase> <!-- testCase1 -->
</testsuite> <!-- TestNGFeatures.DisablingTestCases -->
