<?xml version="1.0" encoding="UTF-8"?>
<!-- Generated by org.testng.reporters.JUnitReportReporter -->
<testsuite skipped="0" hostname="CMLDRAMACHANDRA" name="ActionClassExample.PerfomeMouseHover" tests="1" failures="0" timestamp="11 Jul 2017 05:05:26 GMT" time="54.537" errors="0">
  <testcase name="perfomeMouseHover" time="54.537" classname="ActionClassExample.PerfomeMouseHover"/>
</testsuite> <!-- ActionClassExample.PerfomeMouseHover -->
