<?xml version="1.0" encoding="UTF-8"?>
<!-- Generated by org.testng.reporters.JUnitReportReporter -->
<testsuite skipped="0" hostname="CMLDRAMACHANDRA" name="ParallelExecution.ParallelExecution1" tests="1" failures="0" timestamp="17 Jun 2017 11:01:43 GMT" time="160.422" errors="0">
  <testcase name="openBrower" time="160.422" classname="ParallelExecution.ParallelExecution1"/>
</testsuite> <!-- ParallelExecution.ParallelExecution1 -->
