<?xml version="1.0" encoding="UTF-8"?>
<!-- Generated by org.testng.reporters.JUnitReportReporter -->
<testsuite skipped="0" hostname="CMLDRAMACHANDRA" name="ParallelExecution.ParallelExectuion3" tests="1" failures="0" timestamp="17 Jun 2017 11:01:43 GMT" time="144.579" errors="0">
  <testcase name="createAccount" time="144.579" classname="ParallelExecution.ParallelExectuion3"/>
</testsuite> <!-- ParallelExecution.ParallelExectuion3 -->
