<?xml version="1.0" encoding="UTF-8"?>
<!-- Generated by org.testng.reporters.JUnitReportReporter -->
<testsuite skipped="0" hostname="CMLDRAMACHANDRA" name="FireFoxProfiles.createANewFirefoxProfile" tests="1" failures="0" timestamp="26 Jun 2017 06:04:08 GMT" time="72.855" errors="0">
  <testcase name="doVerticalScroll" time="72.855" classname="FireFoxProfiles.createANewFirefoxProfile"/>
</testsuite> <!-- FireFoxProfiles.createANewFirefoxProfile -->
